<?xml version="1.0" encoding="UTF-8"?>
<!-- Generated by org.testng.reporters.JUnitReportReporter -->
<testsuite hostname="Chaorum" name="com.t3.lib.sound.SoundPlayerTest" tests="1" failures="0" timestamp="11 Jul 2014 20:24:44 GMT" time="3.842" errors="0">
  <testcase name="testPlay" time="3.842" classname="com.t3.lib.sound.SoundPlayerTest"/>
</testsuite> <!-- com.t3.lib.sound.SoundPlayerTest -->
